# JRE version: Java(TM) SE Runtime Environment (8.0_45-b15) (build 1.8.0_45-b15)
# Java VM: Java HotSpot(TM) 64-Bit Server VM (25.45-b02 mixed mode windows-amd64 compressed oops)
Heap:
 PSYoungGen      total 75264K, used 33712K [0x00000000f5580000, 0x00000000fae00000, 0x0000000100000000)
  eden space 61952K, 54% used [0x00000000f5580000,0x00000000f766c168,0x00000000f9200000)
  from space 13312K, 0% used [0x00000000fa100000,0x00000000fa100000,0x00000000fae00000)
  to   space 14336K, 0% used [0x00000000f9200000,0x00000000f9200000,0x00000000fa000000)
 ParOldGen       total 106496K, used 36610K [0x00000000e0000000, 0x00000000e6800000, 0x00000000f5580000)
  object space 106496K, 34% used [0x00000000e0000000,0x00000000e23c09d0,0x00000000e6800000)
 Metaspace       used 79241K, capacity 85598K, committed 85888K, reserved 1124352K
  class space    used 9789K, capacity 11851K, committed 11904K, reserved 1048576K
GC Heap History (10 events):
Event: 863.453 GC heap before
{Heap before GC invocations=47 (full 17):
 PSYoungGen      total 76800K, used 96K [0x00000000f5580000, 0x00000000fb100000, 0x0000000100000000)
  eden space 61952K, 0% used [0x00000000f5580000,0x00000000f5580000,0x00000000f9200000)
  from space 14848K, 0% used [0x00000000fa280000,0x00000000fa298000,0x00000000fb100000)
  to   space 15872K, 0% used [0x00000000f9200000,0x00000000f9200000,0x00000000fa180000)
 ParOldGen       total 106496K, used 36662K [0x00000000e0000000, 0x00000000e6800000, 0x00000000f5580000)
  object space 106496K, 34% used [0x00000000e0000000,0x00000000e23cd900,0x00000000e6800000)
 Metaspace       used 78421K, capacity 84726K, committed 84992K, reserved 1122304K
  class space    used 9702K, capacity 11752K, committed 11776K, reserved 1048576K
Event: 863.612 GC heap after
Heap after GC invocations=47 (full 17):
 PSYoungGen      total 76800K, used 0K [0x00000000f5580000, 0x00000000fb100000, 0x0000000100000000)
  eden space 61952K, 0% used [0x00000000f5580000,0x00000000f5580000,0x00000000f9200000)
  from space 14848K, 0% used [0x00000000fa280000,0x00000000fa280000,0x00000000fb100000)
  to   space 15872K, 0% used [0x00000000f9200000,0x00000000f9200000,0x00000000fa180000)
 ParOldGen       total 106496K, used 36601K [0x00000000e0000000, 0x00000000e6800000, 0x00000000f5580000)
  object space 106496K, 34% used [0x00000000e0000000,0x00000000e23be428,0x00000000e6800000)
 Metaspace       used 78421K, capacity 84726K, committed 84992K, reserved 1122304K
  class space    used 9702K, capacity 11752K, committed 11776K, reserved 1048576K
}
Event: 923.463 GC heap before
{Heap before GC invocations=48 (full 17):
 PSYoungGen      total 76800K, used 8646K [0x00000000f5580000, 0x00000000fb100000, 0x0000000100000000)
  eden space 61952K, 13% used [0x00000000f5580000,0x00000000f5df1858,0x00000000f9200000)
  from space 14848K, 0% used [0x00000000fa280000,0x00000000fa280000,0x00000000fb100000)
  to   space 15872K, 0% used [0x00000000f9200000,0x00000000f9200000,0x00000000fa180000)
 ParOldGen       total 106496K, used 36601K [0x00000000e0000000, 0x00000000e6800000, 0x00000000f5580000)
  object space 106496K, 34% used [0x00000000e0000000,0x00000000e23be428,0x00000000e6800000)
 Metaspace       used 78443K, capacity 84790K, committed 84992K, reserved 1122304K
  class space    used 9702K, capacity 11752K, committed 11776K, reserved 1048576K
Event: 923.468 GC heap after
Heap after GC invocations=48 (full 17):
 PSYoungGen      total 62464K, used 448K [0x00000000f5580000, 0x00000000fb000000, 0x0000000100000000)
  eden space 61952K, 0% used [0x00000000f5580000,0x00000000f5580000,0x00000000f9200000)
  from space 512K, 87% used [0x00000000f9200000,0x00000000f9270000,0x00000000f9280000)
  to   space 15360K, 0% used [0x00000000fa100000,0x00000000fa100000,0x00000000fb000000)
 ParOldGen       total 106496K, used 36601K [0x00000000e0000000, 0x00000000e6800000, 0x00000000f5580000)
  object space 106496K, 34% used [0x00000000e0000000,0x00000000e23be428,0x00000000e6800000)
 Metaspace       used 78443K, capacity 84790K, committed 84992K, reserved 1122304K
  class space    used 9702K, capacity 11752K, committed 11776K, reserved 1048576K
}
Event: 923.468 GC heap before
{Heap before GC invocations=49 (full 18):
 PSYoungGen      total 62464K, used 448K [0x00000000f5580000, 0x00000000fb000000, 0x0000000100000000)
  eden space 61952K, 0% used [0x00000000f5580000,0x00000000f5580000,0x00000000f9200000)
  from space 512K, 87% used [0x00000000f9200000,0x00000000f9270000,0x00000000f9280000)
  to   space 15360K, 0% used [0x00000000fa100000,0x00000000fa100000,0x00000000fb000000)
 ParOldGen       total 106496K, used 36601K [0x00000000e0000000, 0x00000000e6800000, 0x00000000f5580000)
  object space 106496K, 34% used [0x00000000e0000000,0x00000000e23be428,0x00000000e6800000)
 Metaspace       used 78443K, capacity 84790K, committed 84992K, reserved 1122304K
  class space    used 9702K, capacity 11752K, committed 11776K, reserved 1048576K
Event: 923.579 GC heap after
Heap after GC invocations=49 (full 18):
 PSYoungGen      total 62464K, used 0K [0x00000000f5580000, 0x00000000fb000000, 0x0000000100000000)
  eden space 61952K, 0% used [0x00000000f5580000,0x00000000f5580000,0x00000000f9200000)
  from space 512K, 0% used [0x00000000f9200000,0x00000000f9200000,0x00000000f9280000)
  to   space 15360K, 0% used [0x00000000fa100000,0x00000000fa100000,0x00000000fb000000)
 ParOldGen       total 106496K, used 36740K [0x00000000e0000000, 0x00000000e6800000, 0x00000000f5580000)
  object space 106496K, 34% used [0x00000000e0000000,0x00000000e23e1378,0x00000000e6800000)
 Metaspace       used 78443K, capacity 84790K, committed 84992K, reserved 1122304K
  class space    used 9702K, capacity 11752K, committed 11776K, reserved 1048576K
}
Event: 983.475 GC heap before
{Heap before GC invocations=50 (full 18):
 PSYoungGen      total 62464K, used 3067K [0x00000000f5580000, 0x00000000fb000000, 0x0000000100000000)
  eden space 61952K, 4% used [0x00000000f5580000,0x00000000f587ec38,0x00000000f9200000)
  from space 512K, 0% used [0x00000000f9200000,0x00000000f9200000,0x00000000f9280000)
  to   space 15360K, 0% used [0x00000000fa100000,0x00000000fa100000,0x00000000fb000000)
 ParOldGen       total 106496K, used 36740K [0x00000000e0000000, 0x00000000e6800000, 0x00000000f5580000)
  object space 106496K, 34% used [0x00000000e0000000,0x00000000e23e1378,0x00000000e6800000)
 Metaspace       used 78454K, capacity 84790K, committed 84992K, reserved 1122304K
  class space    used 9702K, capacity 11752K, committed 11776K, reserved 1048576K
Event: 983.486 GC heap after
Heap after GC invocations=50 (full 18):
 PSYoungGen      total 75264K, used 96K [0x00000000f5580000, 0x00000000fae00000, 0x0000000100000000)
  eden space 61952K, 0% used [0x00000000f5580000,0x00000000f5580000,0x00000000f9200000)
  from space 13312K, 0% used [0x00000000fa100000,0x00000000fa118000,0x00000000fae00000)
  to   space 14336K, 0% used [0x00000000f9200000,0x00000000f9200000,0x00000000fa000000)
 ParOldGen       total 106496K, used 36748K [0x00000000e0000000, 0x00000000e6800000, 0x00000000f5580000)
  object space 106496K, 34% used [0x00000000e0000000,0x00000000e23e3378,0x00000000e6800000)
 Metaspace       used 78454K, capacity 84790K, committed 84992K, reserved 1122304K
  class space    used 9702K, capacity 11752K, committed 11776K, reserved 1048576K
}
Event: 983.486 GC heap before
{Heap before GC invocations=51 (full 19):
 PSYoungGen      total 75264K, used 96K [0x00000000f5580000, 0x00000000fae00000, 0x0000000100000000)
  eden space 61952K, 0% used [0x00000000f5580000,0x00000000f5580000,0x00000000f9200000)
  from space 13312K, 0% used [0x00000000fa100000,0x00000000fa118000,0x00000000fae00000)
  to   space 14336K, 0% used [0x00000000f9200000,0x00000000f9200000,0x00000000fa000000)
 ParOldGen       total 106496K, used 36748K [0x00000000e0000000, 0x00000000e6800000, 0x00000000f5580000)
  object space 106496K, 34% used [0x00000000e0000000,0x00000000e23e3378,0x00000000e6800000)
 Metaspace       used 78454K, capacity 84790K, committed 84992K, reserved 1122304K
  class space    used 9702K, capacity 11752K, committed 11776K, reserved 1048576K
Event: 983.628 GC heap after
Heap after GC invocations=51 (full 19):
 PSYoungGen      total 75264K, used 0K [0x00000000f5580000, 0x00000000fae00000, 0x0000000100000000)
  eden space 61952K, 0% used [0x00000000f5580000,0x00000000f5580000,0x00000000f9200000)
  from space 13312K, 0% used [0x00000000fa100000,0x00000000fa100000,0x00000000fae00000)
  to   space 14336K, 0% used [0x00000000f9200000,0x00000000f9200000,0x00000000fa000000)
 ParOldGen       total 106496K, used 36610K [0x00000000e0000000, 0x00000000e6800000, 0x00000000f5580000)
  object space 106496K, 34% used [0x00000000e0000000,0x00000000e23c09d0,0x00000000e6800000)
 Metaspace       used 78454K, capacity 84790K, committed 84992K, reserved 1122304K
  class space    used 9702K, capacity 11752K, committed 11776K, reserved 1048576K
}

